\BOOKMARK [1][-]{section.1}{\376\377\000R\000e\000s\000u\000m\000o}{}% 1
\BOOKMARK [2][-]{subsection.1.1}{\376\377\000O\000b\000j\000e\000t\000i\000v\000o\000s\000\040\000P\000r\000i\000n\000c\000i\000p\000a\000i\000s}{section.1}% 2
\BOOKMARK [2][-]{subsection.1.2}{\376\377\000E\000s\000c\000o\000p\000o\000\040\000d\000o\000\040\000P\000r\000o\000j\000e\000t\000o}{section.1}% 3
\BOOKMARK [2][-]{subsection.1.3}{\376\377\000C\000r\000o\000n\000o\000g\000r\000a\000m\000a\000\040\000R\000e\000s\000u\000m\000i\000d\000o}{section.1}% 4
\BOOKMARK [2][-]{subsection.1.4}{\376\377\000E\000q\000u\000i\000p\000e\000\040\000d\000o\000\040\000P\000r\000o\000j\000e\000t\000o}{section.1}% 5
\BOOKMARK [2][-]{subsection.1.5}{\376\377\000P\000r\000i\000n\000c\000i\000p\000a\000i\000s\000\040\000R\000i\000s\000c\000o\000s\000\040\000I\000d\000e\000n\000t\000i\000f\000i\000c\000a\000d\000o\000s}{section.1}% 6
\BOOKMARK [2][-]{subsection.1.6}{\376\377\000T\000e\000c\000n\000o\000l\000o\000g\000i\000a\000s\000\040\000e\000\040\000M\000e\000t\000o\000d\000o\000l\000o\000g\000i\000a\000s}{section.1}% 7
\BOOKMARK [1][-]{section.2}{\376\377\000I\000n\000t\000r\000o\000d\000u\000\347\000\343\000o}{}% 8
\BOOKMARK [2][-]{subsection.2.1}{\376\377\000E\000s\000c\000o\000p\000o\000\040\000e\000\040\000P\000r\000o\000p\000\363\000s\000i\000t\000o\000\040\000d\000e\000s\000t\000e\000\040\000D\000o\000c\000u\000m\000e\000n\000t\000o}{section.2}% 9
\BOOKMARK [2][-]{subsection.2.2}{\376\377\000O\000b\000j\000e\000t\000i\000v\000o\000s\000\040\000e\000\040\000M\000e\000t\000a\000s}{section.2}% 10
\BOOKMARK [3][-]{subsubsection.2.2.1}{\376\377\000O\000b\000j\000e\000t\000i\000v\000o\000s\000\040\000E\000s\000p\000e\000c\000\355\000f\000i\000c\000o\000s\000\040\000d\000o\000\040\000S\000i\000s\000t\000e\000m\000a}{subsection.2.2}% 11
\BOOKMARK [3][-]{subsubsection.2.2.2}{\376\377\000F\000u\000n\000c\000i\000o\000n\000a\000l\000i\000d\000a\000d\000e\000s\000\040\000P\000r\000i\000n\000c\000i\000p\000a\000i\000s}{subsection.2.2}% 12
\BOOKMARK [3][-]{subsubsection.2.2.3}{\376\377\000P\000\372\000b\000l\000i\000c\000o\000-\000A\000l\000v\000o}{subsection.2.2}% 13
\BOOKMARK [3][-]{subsubsection.2.2.4}{\376\377\000B\000e\000n\000e\000f\000\355\000c\000i\000o\000s\000\040\000E\000s\000p\000e\000r\000a\000d\000o\000s}{subsection.2.2}% 14
\BOOKMARK [1][-]{section.3}{\376\377\000A\000v\000a\000l\000i\000a\000\347\000\343\000o\000\040\000d\000e\000\040\000R\000i\000s\000c\000o\000s}{}% 15
\BOOKMARK [2][-]{subsection.3.1}{\376\377\000A\000n\000\341\000l\000i\000s\000e\000\040\000d\000e\000\040\000R\000i\000s\000c\000o\000s}{section.3}% 16
\BOOKMARK [2][-]{subsection.3.2}{\376\377\000G\000e\000r\000e\000n\000c\000i\000a\000m\000e\000n\000t\000o\000\040\000d\000e\000\040\000R\000i\000s\000c\000o\000s}{section.3}% 17
\BOOKMARK [3][-]{subsubsection.3.2.1}{\376\377\000E\000s\000t\000r\000a\000t\000\351\000g\000i\000a\000s\000\040\000d\000e\000\040\000M\000i\000t\000i\000g\000a\000\347\000\343\000o}{subsection.3.2}% 18
\BOOKMARK [3][-]{subsubsection.3.2.2}{\376\377\000I\000n\000d\000i\000c\000a\000d\000o\000r\000e\000s\000\040\000d\000e\000\040\000A\000l\000e\000r\000t\000a}{subsection.3.2}% 19
\BOOKMARK [3][-]{subsubsection.3.2.3}{\376\377\000P\000l\000a\000n\000o\000\040\000d\000e\000\040\000C\000o\000n\000t\000i\000n\000g\000\352\000n\000c\000i\000a}{subsection.3.2}% 20
\BOOKMARK [3][-]{subsubsection.3.2.4}{\376\377\000M\000o\000n\000i\000t\000o\000r\000a\000m\000e\000n\000t\000o\000\040\000e\000\040\000C\000o\000n\000t\000r\000o\000l\000e}{subsection.3.2}% 21
\BOOKMARK [1][-]{section.4}{\376\377\000E\000s\000t\000i\000m\000a\000t\000i\000v\000a\000s\000,\000\040\000C\000r\000o\000n\000o\000g\000r\000a\000m\000a\000s\000\040\000e\000\040\000P\000r\000a\000z\000o\000s}{}% 22
\BOOKMARK [2][-]{subsection.4.1}{\376\377\000E\000s\000t\000i\000m\000a\000t\000i\000v\000a\000s}{section.4}% 23
\BOOKMARK [3][-]{subsubsection.4.1.1}{\376\377\000D\000a\000d\000o\000s\000\040\000H\000i\000s\000t\000\363\000r\000i\000c\000o\000s\000\040\000U\000t\000i\000l\000i\000z\000a\000d\000o\000s}{subsection.4.1}% 24
\BOOKMARK [3][-]{subsubsection.4.1.2}{\376\377\000T\000\351\000c\000n\000i\000c\000a\000s\000\040\000d\000e\000\040\000E\000s\000t\000i\000m\000a\000t\000i\000v\000a\000\040\000E\000m\000p\000r\000e\000g\000a\000d\000a\000s}{subsection.4.1}% 25
\BOOKMARK [3][-]{subsubsection.4.1.3}{\376\377\000E\000s\000t\000i\000m\000a\000t\000i\000v\000a\000s\000\040\000p\000o\000r\000\040\000S\000p\000r\000i\000n\000t}{subsection.4.1}% 26
\BOOKMARK [2][-]{subsection.4.2}{\376\377\000C\000r\000o\000n\000o\000g\000r\000a\000m\000a}{section.4}% 27
\BOOKMARK [3][-]{subsubsection.4.2.1}{\376\377\000E\000s\000t\000r\000u\000t\000u\000r\000a\000\040\000d\000e\000\040\000T\000r\000a\000b\000a\000l\000h\000o}{subsection.4.2}% 28
\BOOKMARK [3][-]{subsubsection.4.2.2}{\376\377\000L\000e\000g\000e\000n\000d\000a}{subsection.4.2}% 29
\BOOKMARK [3][-]{subsubsection.4.2.3}{\376\377\000C\000r\000o\000n\000o\000g\000r\000a\000m\000a\000\040\000D\000e\000t\000a\000l\000h\000a\000d\000o}{subsection.4.2}% 30
\BOOKMARK [2][-]{subsection.4.3}{\376\377\000G\000r\000\341\000f\000i\000c\000o\000\040\000d\000e\000\040\000G\000a\000n\000t\000t}{section.4}% 31
\BOOKMARK [3][-]{subsubsection.4.3.1}{\376\377\000C\000a\000m\000i\000n\000h\000o\000\040\000C\000r\000\355\000t\000i\000c\000o}{subsection.4.3}% 32
\BOOKMARK [2][-]{subsection.4.4}{\376\377\000M\000a\000r\000c\000o\000s\000\040\000P\000r\000i\000n\000c\000i\000p\000a\000i\000s}{section.4}% 33
\BOOKMARK [2][-]{subsection.4.5}{\376\377\000E\000n\000t\000r\000e\000g\000\341\000v\000e\000i\000s\000\040\000p\000o\000r\000\040\000S\000p\000r\000i\000n\000t}{section.4}% 34
\BOOKMARK [2][-]{subsection.4.6}{\376\377\000C\000r\000i\000t\000\351\000r\000i\000o\000s\000\040\000d\000e\000\040\000A\000c\000e\000i\000t\000a\000\347\000\343\000o}{section.4}% 35
\BOOKMARK [1][-]{section.5}{\376\377\000O\000r\000g\000a\000n\000i\000z\000a\000\347\000\343\000o\000\040\000d\000a\000\040\000E\000q\000u\000i\000p\000e}{}% 36
\BOOKMARK [2][-]{subsection.5.1}{\376\377\000E\000s\000t\000r\000u\000t\000u\000r\000a\000\040\000d\000a\000\040\000D\000i\000s\000c\000i\000p\000l\000i\000n\000a}{section.5}% 37
\BOOKMARK [2][-]{subsection.5.2}{\376\377\000E\000s\000t\000r\000u\000t\000u\000r\000a\000\040\000d\000a\000\040\000E\000q\000u\000i\000p\000e\000\040\000p\000a\000r\000a\000\040\000E\000s\000t\000e\000\040\000P\000r\000o\000j\000e\000t\000o}{section.5}% 38
\BOOKMARK [2][-]{subsection.5.3}{\376\377\000M\000a\000t\000r\000i\000z\000\040\000d\000e\000\040\000R\000e\000s\000p\000o\000n\000s\000a\000b\000i\000l\000i\000d\000a\000d\000e\000s}{section.5}% 39
\BOOKMARK [2][-]{subsection.5.4}{\376\377\000A\000l\000o\000c\000a\000\347\000\343\000o\000\040\000p\000o\000r\000\040\000S\000p\000r\000i\000n\000t}{section.5}% 40
\BOOKMARK [3][-]{subsubsection.5.4.1}{\376\377\000S\000p\000r\000i\000n\000t\000\040\0000\000\040\000-\000\040\000P\000r\000e\000p\000a\000r\000a\000\347\000\343\000o}{subsection.5.4}% 41
\BOOKMARK [3][-]{subsubsection.5.4.2}{\376\377\000S\000p\000r\000i\000n\000t\000\040\0001\000\040\000-\000\040\000D\000e\000s\000e\000n\000v\000o\000l\000v\000i\000m\000e\000n\000t\000o\000\040\000I\000n\000i\000c\000i\000a\000l}{subsection.5.4}% 42
\BOOKMARK [3][-]{subsubsection.5.4.3}{\376\377\000S\000p\000r\000i\000n\000t\000\040\0002\000\040\000-\000\040\000D\000e\000s\000e\000n\000v\000o\000l\000v\000i\000m\000e\000n\000t\000o\000\040\000A\000v\000a\000n\000\347\000a\000d\000o}{subsection.5.4}% 43
\BOOKMARK [3][-]{subsubsection.5.4.4}{\376\377\000S\000p\000r\000i\000n\000t\000\040\0003\000\040\000-\000\040\000F\000i\000n\000a\000l\000i\000z\000a\000\347\000\343\000o}{subsection.5.4}% 44
\BOOKMARK [2][-]{subsection.5.5}{\376\377\000C\000o\000m\000u\000n\000i\000c\000a\000\347\000\343\000o\000\040\000e\000\040\000C\000o\000o\000r\000d\000e\000n\000a\000\347\000\343\000o}{section.5}% 45
\BOOKMARK [3][-]{subsubsection.5.5.1}{\376\377\000R\000e\000u\000n\000i\000\365\000e\000s\000\040\000R\000e\000g\000u\000l\000a\000r\000e\000s}{subsection.5.5}% 46
\BOOKMARK [3][-]{subsubsection.5.5.2}{\376\377\000F\000e\000r\000r\000a\000m\000e\000n\000t\000a\000s\000\040\000d\000e\000\040\000G\000e\000s\000t\000\343\000o}{subsection.5.5}% 47
\BOOKMARK [2][-]{subsection.5.6}{\376\377\000R\000e\000l\000a\000t\000\363\000r\000i\000o\000s\000\040\000d\000e\000\040\000G\000e\000s\000t\000\343\000o}{section.5}% 48
\BOOKMARK [3][-]{subsubsection.5.6.1}{\376\377\000E\000s\000t\000r\000u\000t\000u\000r\000a\000\040\000d\000e\000\040\000R\000e\000p\000o\000r\000t\000e\000s}{subsection.5.6}% 49
\BOOKMARK [3][-]{subsubsection.5.6.2}{\376\377\000M\000\351\000t\000r\000i\000c\000a\000s\000\040\000d\000e\000\040\000A\000c\000o\000m\000p\000a\000n\000h\000a\000m\000e\000n\000t\000o}{subsection.5.6}% 50
\BOOKMARK [2][-]{subsection.5.7}{\376\377\000R\000e\000s\000p\000o\000n\000s\000a\000b\000i\000l\000i\000d\000a\000d\000e\000s\000\040\000E\000s\000p\000e\000c\000\355\000f\000i\000c\000a\000s\000\040\000d\000o\000s\000\040\000G\000e\000r\000e\000n\000t\000e\000s}{section.5}% 51
\BOOKMARK [2][-]{subsection.5.8}{\376\377\000C\000r\000i\000t\000\351\000r\000i\000o\000s\000\040\000d\000e\000\040\000Q\000u\000a\000l\000i\000d\000a\000d\000e\000\040\000e\000\040\000E\000n\000t\000r\000e\000g\000a}{section.5}% 52
